{"D:/Vue/vite-vue-typescript-starter/src/App.vue": {"path":"D:/Vue/vite-vue-typescript-starter/src/App.vue","statementMap":{"0":{"start":{"line":4,"column":0},"end":{"line":4,"column":null}},"1":{"start":{"line":2,"column":0},"end":{"line":2,"column":null}}},"fnMap":{},"branchMap":{},"s":{"0":0,"1":0},"f":{},"b":{}}
,"D:/Vue/vite-vue-typescript-starter/src/components/HelloWorld.vue": {"path":"D:/Vue/vite-vue-typescript-starter/src/components/HelloWorld.vue","statementMap":{"0":{"start":{"line":2,"column":0},"end":{"line":2,"column":null}},"1":{"start":{"line":6,"column":14},"end":{"line":6,"column":18}}},"fnMap":{},"branchMap":{},"s":{"0":1,"1":1},"f":{},"b":{}}
}
